"2024-02-06 00:01:56,939 WARN  [HikariPool-1 housekeeper] com.zaxxer.hikari.pool.HikariPool:HikariPool-1 - Thread starvation or clock leap detected (housekeeper delta=15m16s286ms).
""2024-02-06 00:19:56,593 WARN  [HikariPool-1 housekeeper] com.zaxxer.hikari.pool.HikariPool:HikariPool-1 - Thread starvation or clock leap detected (housekeeper delta=15m59s563ms).
""2024-02-06 00:38:24,711 WARN  [HikariPool-1 housekeeper] com.zaxxer.hikari.pool.HikariPool:HikariPool-1 - Thread starvation or clock leap detected (housekeeper delta=15m58s67ms).
""2024-02-06 00:48:51,862 WARN  [HikariPool-1 housekeeper] com.zaxxer.hikari.pool.HikariPool:HikariPool-1 - Thread starvation or clock leap detected (housekeeper delta=5m57s89ms).
""2024-02-06 01:02:50,856 WARN  [HikariPool-1 housekeeper] com.zaxxer.hikari.pool.HikariPool:HikariPool-1 - Thread starvation or clock leap detected (housekeeper delta=11m28s944ms).
""2024-02-06 01:22:49,536 WARN  [HikariPool-1 housekeeper] com.zaxxer.hikari.pool.HikariPool:HikariPool-1 - Thread starvation or clock leap detected (housekeeper delta=16m28s621ms).
""2024-02-06 01:41:08,666 WARN  [HikariPool-1 housekeeper] com.zaxxer.hikari.pool.HikariPool:HikariPool-1 - Thread starvation or clock leap detected (housekeeper delta=16m19s84ms).
""2024-02-06 01:58:48,958 WARN  [HikariPool-1 housekeeper] com.zaxxer.hikari.pool.HikariPool:HikariPool-1 - Thread starvation or clock leap detected (housekeeper delta=15m40s248ms).
""2024-02-06 02:04:03,070 WARN  [HikariPool-1 housekeeper] com.zaxxer.hikari.pool.HikariPool:HikariPool-1 - Thread starvation or clock leap detected (housekeeper delta=2m44s105ms).
""2024-02-06 02:24:24,554 WARN  [HikariPool-1 housekeeper] com.zaxxer.hikari.pool.HikariPool:HikariPool-1 - Thread starvation or clock leap detected (housekeeper delta=17m51s438ms).
""2024-02-06 02:42:30,315 WARN  [HikariPool-1 housekeeper] com.zaxxer.hikari.pool.HikariPool:HikariPool-1 - Thread starvation or clock leap detected (housekeeper delta=16m5s742ms).
""2024-02-06 03:02:27,204 WARN  [HikariPool-1 housekeeper] com.zaxxer.hikari.pool.HikariPool:HikariPool-1 - Thread starvation or clock leap detected (housekeeper delta=16m56s833ms).
""2024-02-06 03:04:45,815 WARN  [HikariPool-1 housekeeper] com.zaxxer.hikari.pool.HikariPool:HikariPool-1 - Thread starvation or clock leap detected (housekeeper delta=2m18s610ms).
""2024-02-06 03:22:43,615 WARN  [HikariPool-1 housekeeper] com.zaxxer.hikari.pool.HikariPool:HikariPool-1 - Thread starvation or clock leap detected (housekeeper delta=15m57s771ms).
""2024-02-06 03:40:55,608 WARN  [HikariPool-1 housekeeper] com.zaxxer.hikari.pool.HikariPool:HikariPool-1 - Thread starvation or clock leap detected (housekeeper delta=16m11s944ms).
""2024-02-06 04:03:21,776 WARN  [HikariPool-1 housekeeper] com.zaxxer.hikari.pool.HikariPool:HikariPool-1 - Thread starvation or clock leap detected (housekeeper delta=17m56s112ms).
""2024-02-06 04:23:20,106 WARN  [HikariPool-1 housekeeper] com.zaxxer.hikari.pool.HikariPool:HikariPool-1 - Thread starvation or clock leap detected (housekeeper delta=17m58s301ms).
""2024-02-06 04:43:05,379 WARN  [HikariPool-1 housekeeper] com.zaxxer.hikari.pool.HikariPool:HikariPool-1 - Thread starvation or clock leap detected (housekeeper delta=17m15s279ms).
""2024-02-06 05:01:54,984 WARN  [HikariPool-1 housekeeper] com.zaxxer.hikari.pool.HikariPool:HikariPool-1 - Thread starvation or clock leap detected (housekeeper delta=16m49s555ms).
""2024-02-06 05:05:55,560 WARN  [HikariPool-1 housekeeper] com.zaxxer.hikari.pool.HikariPool:HikariPool-1 - Thread starvation or clock leap detected (housekeeper delta=3m561ms).
""2024-02-06 05:13:26,368 WARN  [HikariPool-1 housekeeper] com.zaxxer.hikari.pool.HikariPool:HikariPool-1 - Thread starvation or clock leap detected (housekeeper delta=5m767ms).
""2024-02-06 05:26:09,809 WARN  [HikariPool-1 housekeeper] com.zaxxer.hikari.pool.HikariPool:HikariPool-1 - Thread starvation or clock leap detected (housekeeper delta=10m43s421ms).
""2024-02-06 08:32:59,877 WARN  [HikariPool-1 housekeeper] com.zaxxer.hikari.pool.HikariPool:HikariPool-1 - Thread starvation or clock leap detected (housekeeper delta=5m45s976ms).
""2024-02-06 08:45:27,964 WARN  [HikariPool-1 housekeeper] com.zaxxer.hikari.pool.HikariPool:HikariPool-1 - Thread starvation or clock leap detected (housekeeper delta=57s968ms).
""2024-02-06 08:52:28,010 WARN  [HikariPool-1 housekeeper] com.zaxxer.hikari.pool.HikariPool:HikariPool-1 - Thread starvation or clock leap detected (housekeeper delta=6m30s21ms).
""2024-02-06 08:53:34,489 WARN  [HikariPool-1 housekeeper] com.zaxxer.hikari.pool.HikariPool:HikariPool-1 - Thread starvation or clock leap detected (housekeeper delta=1m6s481ms).
""2024-02-06 08:58:06,254 WARN  [HikariPool-1 housekeeper] com.zaxxer.hikari.pool.HikariPool:HikariPool-1 - Thread starvation or clock leap detected (housekeeper delta=4m1s758ms).
""2024-02-06 09:00:29,652 WARN  [HikariPool-1 housekeeper] com.zaxxer.hikari.pool.HikariPool:HikariPool-1 - Thread starvation or clock leap detected (housekeeper delta=2m23s396ms).
""2024-02-06 09:12:03,640 WARN  [HikariPool-1 housekeeper] com.zaxxer.hikari.pool.HikariPool:HikariPool-1 - Thread starvation or clock leap detected (housekeeper delta=10m3s940ms).
""2024-02-06 09:15:37,041 INFO  [SpringApplicationShutdownHook] org.springframework.orm.jpa.LocalContainerEntityManagerFactoryBean:Closing JPA EntityManagerFactory for persistence unit 'default'
""2024-02-06 09:15:37,148 INFO  [SpringApplicationShutdownHook] com.zaxxer.hikari.HikariDataSource:HikariPool-1 - Shutdown initiated...
""2024-02-06 09:15:37,176 INFO  [SpringApplicationShutdownHook] com.zaxxer.hikari.HikariDataSource:HikariPool-1 - Shutdown completed.
""2024-02-06 09:15:46,796 INFO  [restartedMain] com.project.schoolmanagment.SchoolManagementApplication:Starting SchoolManagementApplication using Java 18.0.1.1 on Cagatays-MBP.cust.communityfibre.co.uk with PID 69605 (/Users/cagatayarik/IdeaProjects/School-Management-System/target/classes started by cagatayarik in /Users/cagatayarik/IdeaProjects/School-Management-System)
""2024-02-06 09:15:46,798 INFO  [restartedMain] com.project.schoolmanagment.SchoolManagementApplication:No active profile set, falling back to 1 default profile: "default"
""2024-02-06 09:15:46,918 INFO  [restartedMain] org.springframework.boot.devtools.env.DevToolsPropertyDefaultsPostProcessor:Devtools property defaults active! Set 'spring.devtools.add-properties' to 'false' to disable
""2024-02-06 09:15:46,918 INFO  [restartedMain] org.springframework.boot.devtools.env.DevToolsPropertyDefaultsPostProcessor:For additional web related logging consider setting the 'logging.level.web' property to 'DEBUG'
""2024-02-06 09:15:48,509 INFO  [restartedMain] org.springframework.data.repository.config.RepositoryConfigurationDelegate:Bootstrapping Spring Data JPA repositories in DEFAULT mode.
""2024-02-06 09:15:48,658 INFO  [restartedMain] org.springframework.data.repository.config.RepositoryConfigurationDelegate:Finished Spring Data repository scanning in 141 ms. Found 6 JPA repository interfaces.
""2024-02-06 09:15:49,992 INFO  [restartedMain] org.springframework.boot.web.embedded.tomcat.TomcatWebServer:Tomcat initialized with port(s): 8080 (http)
""2024-02-06 09:15:50,005 INFO  [restartedMain] org.apache.catalina.core.StandardService:Starting service [Tomcat]
""2024-02-06 09:15:50,006 INFO  [restartedMain] org.apache.catalina.core.StandardEngine:Starting Servlet engine: [Apache Tomcat/9.0.68]
""2024-02-06 09:15:50,081 INFO  [restartedMain] org.apache.catalina.core.ContainerBase.[Tomcat].[localhost].[/]:Initializing Spring embedded WebApplicationContext
""2024-02-06 09:15:50,081 INFO  [restartedMain] org.springframework.boot.web.servlet.context.ServletWebServerApplicationContext:Root WebApplicationContext: initialization completed in 3161 ms
""2024-02-06 09:15:50,420 INFO  [restartedMain] org.hibernate.jpa.internal.util.LogHelper:HHH000204: Processing PersistenceUnitInfo [name: default]
""2024-02-06 09:15:50,466 INFO  [restartedMain] org.hibernate.Version:HHH000412: Hibernate ORM core version 5.6.12.Final
""2024-02-06 09:15:50,602 INFO  [restartedMain] org.hibernate.annotations.common.Version:HCANN000001: Hibernate Commons Annotations {5.1.2.Final}
""2024-02-06 09:15:50,759 INFO  [restartedMain] com.zaxxer.hikari.HikariDataSource:HikariPool-1 - Starting...
""2024-02-06 09:15:50,968 INFO  [restartedMain] com.zaxxer.hikari.HikariDataSource:HikariPool-1 - Start completed.
""2024-02-06 09:15:50,983 INFO  [restartedMain] org.hibernate.dialect.Dialect:HHH000400: Using dialect: org.hibernate.dialect.PostgreSQL81Dialect
""2024-02-06 09:15:52,380 INFO  [restartedMain] org.hibernate.engine.transaction.jta.platform.internal.JtaPlatformInitiator:HHH000490: Using JtaPlatform implementation: [org.hibernate.engine.transaction.jta.platform.internal.NoJtaPlatform]
""2024-02-06 09:15:52,392 INFO  [restartedMain] org.springframework.orm.jpa.LocalContainerEntityManagerFactoryBean:Initialized JPA EntityManagerFactory for persistence unit 'default'
""2024-02-06 09:15:54,176 INFO  [restartedMain] org.springframework.security.web.DefaultSecurityFilterChain:Will secure any request with [org.springframework.security.web.session.DisableEncodeUrlFilter@63ec7ff2, org.springframework.security.web.context.request.async.WebAsyncManagerIntegrationFilter@175f3a7d, org.springframework.security.web.context.SecurityContextPersistenceFilter@388e3770, org.springframework.security.web.header.HeaderWriterFilter@4808f765, org.springframework.web.filter.CorsFilter@6c3c5a71, org.springframework.security.web.authentication.logout.LogoutFilter@77ffc81b, com.project.schoolmanagment.security.jwt.AuthTokenFilter@43b8e33f, org.springframework.security.web.savedrequest.RequestCacheAwareFilter@31e0bf37, org.springframework.security.web.servletapi.SecurityContextHolderAwareRequestFilter@221a06fb, org.springframework.security.web.authentication.AnonymousAuthenticationFilter@5d1b4d5d, org.springframework.security.web.session.SessionManagementFilter@2986d633, org.springframework.security.web.access.ExceptionTranslationFilter@566b2027, org.springframework.security.web.access.intercept.FilterSecurityInterceptor@5334fe6c]
""2024-02-06 09:15:54,489 INFO  [restartedMain] org.springframework.boot.devtools.autoconfigure.OptionalLiveReloadServer:LiveReload server is running on port 35729
""2024-02-06 09:15:54,540 INFO  [restartedMain] org.springframework.boot.web.embedded.tomcat.TomcatWebServer:Tomcat started on port(s): 8080 (http) with context path ''
""2024-02-06 09:15:54,561 INFO  [restartedMain] com.project.schoolmanagment.SchoolManagementApplication:Started SchoolManagementApplication in 8.575 seconds (JVM running for 9.599)
"